2018-03-09 16:58:41 Authlog: array (
  'usercode' => '1',
  'loginname' => 'su',
  'db_branch' => '0:HO',
  'name' => 'Administrator',
  'ph' => '8285503177',
  'pwdate' => '2017-12-12 10:48:13',
  'pwdate_byuser' => '0',
  'stime' => '00:00:00',
  'etime' => '23:59:59',
  'accessdays' => '0,1,2,3,4,5,6',
  'creationdate' => '2015-04-14 00:00:00',
  'db_group' => '0',
  'session_id' => '',
  'loggedin' => '2018-03-09 16:58:41',
  'noofattempt' => '0',
  'email' => 'aad@gmail.com',
  'block' => 'N',
  'block_date' => '2017-06-19 12:16:12',
  'db_serno' => 0,
  'state' => 'HO',
  'logintype' => 'HO',
  'branchcode' => 'HO',
  'branchid' => 'HO',
  'finyeardate' => '2017-04-01',
)
2018-03-12 10:09:55 Authlog: array (
  'usercode' => '1',
  'loginname' => 'su',
  'db_branch' => '0:HO',
  'name' => 'Administrator',
  'ph' => '8285503177',
  'pwdate' => '2017-12-12 10:48:13',
  'pwdate_byuser' => '0',
  'stime' => '00:00:00',
  'etime' => '23:59:59',
  'accessdays' => '0,1,2,3,4,5,6',
  'creationdate' => '2015-04-14 00:00:00',
  'db_group' => '0',
  'session_id' => '',
  'loggedin' => '2018-03-12 10:09:55',
  'noofattempt' => '0',
  'email' => 'aad@gmail.com',
  'block' => 'N',
  'block_date' => '2017-06-19 12:16:12',
  'db_serno' => 0,
  'state' => 'HO',
  'logintype' => 'HO',
  'branchcode' => 'HO',
  'branchid' => 'HO',
  'finyeardate' => '2017-04-01',
)
2018-03-14 17:22:39 Authlog: array (
  'usercode' => '1',
  'loginname' => 'su',
  'db_branch' => '0:HO',
  'name' => 'Administrator',
  'ph' => '8285503177',
  'pwdate' => '2017-12-12 10:48:13',
  'pwdate_byuser' => '0',
  'stime' => '00:00:00',
  'etime' => '23:59:59',
  'accessdays' => '0,1,2,3,4,5,6',
  'creationdate' => '2015-04-14 00:00:00',
  'db_group' => '0',
  'session_id' => '',
  'loggedin' => '2018-03-14 17:22:39',
  'noofattempt' => '0',
  'email' => 'aad@gmail.com',
  'block' => 'N',
  'block_date' => '2017-06-19 12:16:12',
  'db_serno' => 0,
  'state' => 'HO',
  'logintype' => 'HO',
  'branchcode' => 'HO',
  'branchid' => 'HO',
  'finyeardate' => '2017-04-01',
)
2018-03-16 12:18:08 Authlog: array (
  'usercode' => '1',
  'loginname' => 'su',
  'db_branch' => '0:HO',
  'name' => 'Administrator',
  'ph' => '8285503177',
  'pwdate' => '2017-12-12 10:48:13',
  'pwdate_byuser' => '0',
  'stime' => '00:00:00',
  'etime' => '23:59:59',
  'accessdays' => '0,1,2,3,4,5,6',
  'creationdate' => '2015-04-14 00:00:00',
  'db_group' => '0',
  'session_id' => '',
  'loggedin' => '2018-03-16 12:18:08',
  'noofattempt' => '0',
  'email' => 'aad@gmail.com',
  'block' => 'N',
  'block_date' => '2017-06-19 12:16:12',
  'db_serno' => 0,
  'state' => 'HO',
  'logintype' => 'HO',
  'branchcode' => 'HO',
  'branchid' => 'HO',
  'finyeardate' => '2017-04-01',
)
2018-03-16 13:04:21 Authlog: array (
  'usercode' => '1',
  'loginname' => 'su',
  'db_branch' => '0:HO',
  'name' => 'Administrator',
  'ph' => '8285503177',
  'pwdate' => '2017-12-12 10:48:13',
  'pwdate_byuser' => '0',
  'stime' => '00:00:00',
  'etime' => '23:59:59',
  'accessdays' => '0,1,2,3,4,5,6',
  'creationdate' => '2015-04-14 00:00:00',
  'db_group' => '0',
  'session_id' => '',
  'loggedin' => '2018-03-16 13:04:20',
  'noofattempt' => '0',
  'email' => 'aad@gmail.com',
  'block' => 'N',
  'block_date' => '2017-06-19 12:16:12',
  'db_serno' => 0,
  'state' => 'HO',
  'logintype' => 'HO',
  'branchcode' => 'HO',
  'branchid' => 'HO',
  'finyeardate' => '2017-04-01',
)
