2018-03-09 16:58:41 Conditions: array (
  'MenuMaster.status' => 'Y',
  'MenuRights.status' => 'Y',
  'MenuRights.usercode' => '1',
  'MenuMaster.finyearaccess' => 
  array (
    0 => 'BOTH',
    1 => 'CURRENT',
  ),
)
2018-03-12 10:09:55 Conditions: array (
  'MenuMaster.status' => 'Y',
  'MenuRights.status' => 'Y',
  'MenuRights.usercode' => '1',
  'MenuMaster.finyearaccess' => 
  array (
    0 => 'BOTH',
    1 => 'CURRENT',
  ),
)
2018-03-14 17:22:39 Conditions: array (
  'MenuMaster.status' => 'Y',
  'MenuRights.status' => 'Y',
  'MenuRights.usercode' => '1',
  'MenuMaster.finyearaccess' => 
  array (
    0 => 'BOTH',
    1 => 'CURRENT',
  ),
)
2018-03-16 12:18:08 Conditions: array (
  'MenuMaster.status' => 'Y',
  'MenuRights.status' => 'Y',
  'MenuRights.usercode' => '1',
  'MenuMaster.finyearaccess' => 
  array (
    0 => 'BOTH',
    1 => 'CURRENT',
  ),
)
2018-03-16 13:04:21 Conditions: array (
  'MenuMaster.status' => 'Y',
  'MenuRights.status' => 'Y',
  'MenuRights.usercode' => '1',
  'MenuMaster.finyearaccess' => 
  array (
    0 => 'BOTH',
    1 => 'CURRENT',
  ),
)
