2018-03-09 15:45:57 ResArr: array (
  0 => 'HTTP/1.1 400 Bad Request
Date: Fri, 09 Mar 2018 10:09:58 GMT
Server: Apache
Content-Length: 110
Vary: Accept-Encoding,User-Agent
Connection: close
Content-Type: application/json; charset=UTF-8',
  1 => '
{"error":true,"code":400,"message":"Action PwPaymentEngineController::PwPaymentEngine() could not be found."}',
)
2018-03-09 15:46:38 ResArr: array (
  0 => 'HTTP/1.1 200 OK
Date: Fri, 09 Mar 2018 10:10:38 GMT
Server: Apache
Content-Length: 451
Vary: Accept-Encoding,User-Agent
Connection: close
Content-Type: application/json; charset=UTF-8',
  1 => '
{"error":false,"code":200,"message":"","token":"eyJ0eXAiOiJKV1QiLCJhbGciOiJSUzI1NiJ9.eyJyZXN1bHQiOnsiYWdlbnRuYW1lIjoiR3JpZGhhciBJbmZvc3lzdGVtIiwiYWdlbnRjb2RlIjoiNWRhMDciLCJkYl9zZXJubyI6IjUiLCJicmFuY2hjb2RlIjoiQjAxIiwibG9naW5uYW1lIjoiaGVtYW50IiwiYWdlbnRjb3VudGVyIjoiQWdlbnQifX0.b4vaOy0K7e7K8cJ_MwC_7h3HkJZrhobQst1BvpJLizXc88ypLO8pmxRBb0WuDVcOrLFz6SRwTzVn-lLDwqIu-zYjOpBYmmffNnFWn46ilZeBpnyU0U-0XV2nBFFRIj3wuSfyEGZu3tXqwmxGx8MGKTrSgoCpw6fhOOZEce8fPXU"}',
)
2018-03-09 15:52:40 ResArr: array (
  0 => 'HTTP/1.1 200 OK
Date: Fri, 09 Mar 2018 10:16:36 GMT
Server: Apache
Content-Length: 451
Vary: Accept-Encoding,User-Agent
Connection: close
Content-Type: application/json; charset=UTF-8',
  1 => '
{"error":false,"code":200,"message":"","token":"eyJ0eXAiOiJKV1QiLCJhbGciOiJSUzI1NiJ9.eyJyZXN1bHQiOnsiYWdlbnRuYW1lIjoiR3JpZGhhciBJbmZvc3lzdGVtIiwiYWdlbnRjb2RlIjoiNWRhMDciLCJkYl9zZXJubyI6IjUiLCJicmFuY2hjb2RlIjoiQjAxIiwibG9naW5uYW1lIjoiaGVtYW50IiwiYWdlbnRjb3VudGVyIjoiQWdlbnQifX0.b4vaOy0K7e7K8cJ_MwC_7h3HkJZrhobQst1BvpJLizXc88ypLO8pmxRBb0WuDVcOrLFz6SRwTzVn-lLDwqIu-zYjOpBYmmffNnFWn46ilZeBpnyU0U-0XV2nBFFRIj3wuSfyEGZu3tXqwmxGx8MGKTrSgoCpw6fhOOZEce8fPXU"}',
)
2018-03-16 12:18:15 ResArr: array (
  0 => 'HTTP/1.1 200 OK
Date: Fri, 16 Mar 2018 06:42:21 GMT
Server: Apache
Content-Length: 451
Vary: Accept-Encoding,User-Agent
Connection: close
Content-Type: application/json; charset=UTF-8',
  1 => '
{"error":false,"code":200,"message":"","token":"eyJ0eXAiOiJKV1QiLCJhbGciOiJSUzI1NiJ9.eyJyZXN1bHQiOnsiYWdlbnRuYW1lIjoiR3JpZGhhciBJbmZvc3lzdGVtIiwiYWdlbnRjb2RlIjoiNWRhMDciLCJkYl9zZXJubyI6IjUiLCJicmFuY2hjb2RlIjoiQjAxIiwibG9naW5uYW1lIjoiaGVtYW50IiwiYWdlbnRjb3VudGVyIjoiQWdlbnQifX0.b4vaOy0K7e7K8cJ_MwC_7h3HkJZrhobQst1BvpJLizXc88ypLO8pmxRBb0WuDVcOrLFz6SRwTzVn-lLDwqIu-zYjOpBYmmffNnFWn46ilZeBpnyU0U-0XV2nBFFRIj3wuSfyEGZu3tXqwmxGx8MGKTrSgoCpw6fhOOZEce8fPXU"}',
)
2018-03-16 13:06:55 ResArr: array (
  0 => 'HTTP/1.1 200 OK
Date: Fri, 16 Mar 2018 07:31:01 GMT
Server: Apache
Content-Length: 451
Vary: Accept-Encoding,User-Agent
Connection: close
Content-Type: application/json; charset=UTF-8',
  1 => '
{"error":false,"code":200,"message":"","token":"eyJ0eXAiOiJKV1QiLCJhbGciOiJSUzI1NiJ9.eyJyZXN1bHQiOnsiYWdlbnRuYW1lIjoiR3JpZGhhciBJbmZvc3lzdGVtIiwiYWdlbnRjb2RlIjoiNWRhMDciLCJkYl9zZXJubyI6IjUiLCJicmFuY2hjb2RlIjoiQjAxIiwibG9naW5uYW1lIjoiaGVtYW50IiwiYWdlbnRjb3VudGVyIjoiQWdlbnQifX0.b4vaOy0K7e7K8cJ_MwC_7h3HkJZrhobQst1BvpJLizXc88ypLO8pmxRBb0WuDVcOrLFz6SRwTzVn-lLDwqIu-zYjOpBYmmffNnFWn46ilZeBpnyU0U-0XV2nBFFRIj3wuSfyEGZu3tXqwmxGx8MGKTrSgoCpw6fhOOZEce8fPXU"}',
)
