2018-03-09 15:46:38 ResponseObj: array (
  'result' => 
  stdClass::__set_state(array(
     'agentname' => 'Gridhar Infosystem',
     'agentcode' => '5da07',
     'db_serno' => '5',
     'branchcode' => 'B01',
     'loginname' => 'hemant',
     'agentcounter' => 'Agent',
  )),
)
2018-03-09 15:52:40 ResponseObj: array (
  'result' => 
  stdClass::__set_state(array(
     'agentname' => 'Gridhar Infosystem',
     'agentcode' => '5da07',
     'db_serno' => '5',
     'branchcode' => 'B01',
     'loginname' => 'hemant',
     'agentcounter' => 'Agent',
  )),
)
2018-03-16 12:18:15 ResponseObj: array (
  'result' => 
  stdClass::__set_state(array(
     'agentname' => 'Gridhar Infosystem',
     'agentcode' => '5da07',
     'db_serno' => '5',
     'branchcode' => 'B01',
     'loginname' => 'hemant',
     'agentcounter' => 'Agent',
  )),
)
2018-03-16 13:06:55 ResponseObj: array (
  'result' => 
  stdClass::__set_state(array(
     'agentname' => 'Gridhar Infosystem',
     'agentcode' => '5da07',
     'db_serno' => '5',
     'branchcode' => 'B01',
     'loginname' => 'hemant',
     'agentcounter' => 'Agent',
  )),
)
